# JRE version: OpenJDK Runtime Environment (8.0_152-b02) (build 1.8.0_152-release-1024-b02)
# Java VM: OpenJDK 64-Bit Server VM (25.152-b02 mixed mode windows-amd64 compressed oops)
Heap:
 PSYoungGen      total 429568K, used 138915K [0x00000000e0000000, 0x00000000ff580000, 0x0000000100000000)
  eden space 397824K, 28% used [0x00000000e0000000,0x00000000e6f8cfc0,0x00000000f8480000)
  from space 31744K, 77% used [0x00000000fa600000,0x00000000fbe1bf58,0x00000000fc500000)
  to   space 34304K, 0% used [0x00000000f8480000,0x00000000f8480000,0x00000000fa600000)
 ParOldGen       total 106496K, used 83661K [0x00000000a0000000, 0x00000000a6800000, 0x00000000e0000000)
  object space 106496K, 78% used [0x00000000a0000000,0x00000000a51b3768,0x00000000a6800000)
 Metaspace       used 83124K, capacity 87376K, committed 87424K, reserved 1124352K
  class space    used 10705K, capacity 11633K, committed 11648K, reserved 1048576K
GC Heap History (10 events):
Event: 75.803 GC heap before
{Heap before GC invocations=33 (full 3):
 PSYoungGen      total 346112K, used 332307K [0x00000000e0000000, 0x00000000f9800000, 0x0000000100000000)
  eden space 312320K, 100% used [0x00000000e0000000,0x00000000f3100000,0x00000000f3100000)
  from space 33792K, 59% used [0x00000000f3100000,0x00000000f4484e70,0x00000000f5200000)
  to   space 33280K, 0% used [0x00000000f7780000,0x00000000f7780000,0x00000000f9800000)
 ParOldGen       total 106496K, used 83637K [0x00000000a0000000, 0x00000000a6800000, 0x00000000e0000000)
  object space 106496K, 78% used [0x00000000a0000000,0x00000000a51ad768,0x00000000a6800000)
 Metaspace       used 82912K, capacity 87228K, committed 87424K, reserved 1124352K
  class space    used 10688K, capacity 11631K, committed 11648K, reserved 1048576K
Event: 75.839 GC heap after
Heap after GC invocations=33 (full 3):
 PSYoungGen      total 382464K, used 17185K [0x00000000e0000000, 0x00000000f9580000, 0x0000000100000000)
  eden space 351744K, 0% used [0x00000000e0000000,0x00000000e0000000,0x00000000f5780000)
  from space 30720K, 55% used [0x00000000f7780000,0x00000000f88485d0,0x00000000f9580000)
  to   space 31744K, 0% used [0x00000000f5780000,0x00000000f5780000,0x00000000f7680000)
 ParOldGen       total 106496K, used 83645K [0x00000000a0000000, 0x00000000a6800000, 0x00000000e0000000)
  object space 106496K, 78% used [0x00000000a0000000,0x00000000a51af768,0x00000000a6800000)
 Metaspace       used 82912K, capacity 87228K, committed 87424K, reserved 1124352K
  class space    used 10688K, capacity 11631K, committed 11648K, reserved 1048576K
}
Event: 77.812 GC heap before
{Heap before GC invocations=34 (full 3):
 PSYoungGen      total 382464K, used 368929K [0x00000000e0000000, 0x00000000f9580000, 0x0000000100000000)
  eden space 351744K, 100% used [0x00000000e0000000,0x00000000f5780000,0x00000000f5780000)
  from space 30720K, 55% used [0x00000000f7780000,0x00000000f88485d0,0x00000000f9580000)
  to   space 31744K, 0% used [0x00000000f5780000,0x00000000f5780000,0x00000000f7680000)
 ParOldGen       total 106496K, used 83645K [0x00000000a0000000, 0x00000000a6800000, 0x00000000e0000000)
  object space 106496K, 78% used [0x00000000a0000000,0x00000000a51af768,0x00000000a6800000)
 Metaspace       used 83042K, capacity 87296K, committed 87424K, reserved 1124352K
  class space    used 10704K, capacity 11631K, committed 11648K, reserved 1048576K
Event: 77.866 GC heap after
Heap after GC invocations=34 (full 3):
 PSYoungGen      total 383488K, used 25157K [0x00000000e0000000, 0x00000000fc680000, 0x0000000100000000)
  eden space 351744K, 0% used [0x00000000e0000000,0x00000000e0000000,0x00000000f5780000)
  from space 31744K, 79% used [0x00000000f5780000,0x00000000f7011438,0x00000000f7680000)
  to   space 33280K, 0% used [0x00000000fa600000,0x00000000fa600000,0x00000000fc680000)
 ParOldGen       total 106496K, used 83653K [0x00000000a0000000, 0x00000000a6800000, 0x00000000e0000000)
  object space 106496K, 78% used [0x00000000a0000000,0x00000000a51b1768,0x00000000a6800000)
 Metaspace       used 83042K, capacity 87296K, committed 87424K, reserved 1124352K
  class space    used 10704K, capacity 11631K, committed 11648K, reserved 1048576K
}
Event: 79.496 GC heap before
{Heap before GC invocations=35 (full 3):
 PSYoungGen      total 383488K, used 376901K [0x00000000e0000000, 0x00000000fc680000, 0x0000000100000000)
  eden space 351744K, 100% used [0x00000000e0000000,0x00000000f5780000,0x00000000f5780000)
  from space 31744K, 79% used [0x00000000f5780000,0x00000000f7011438,0x00000000f7680000)
  to   space 33280K, 0% used [0x00000000fa600000,0x00000000fa600000,0x00000000fc680000)
 ParOldGen       total 106496K, used 83653K [0x00000000a0000000, 0x00000000a6800000, 0x00000000e0000000)
  object space 106496K, 78% used [0x00000000a0000000,0x00000000a51b1768,0x00000000a6800000)
 Metaspace       used 83081K, capacity 87370K, committed 87424K, reserved 1124352K
  class space    used 10704K, capacity 11632K, committed 11648K, reserved 1048576K
Event: 79.535 GC heap after
Heap after GC invocations=35 (full 3):
 PSYoungGen      total 431104K, used 20076K [0x00000000e0000000, 0x00000000fc500000, 0x0000000100000000)
  eden space 399360K, 0% used [0x00000000e0000000,0x00000000e0000000,0x00000000f8600000)
  from space 31744K, 63% used [0x00000000fa600000,0x00000000fb99b030,0x00000000fc500000)
  to   space 32256K, 0% used [0x00000000f8600000,0x00000000f8600000,0x00000000fa580000)
 ParOldGen       total 106496K, used 83661K [0x00000000a0000000, 0x00000000a6800000, 0x00000000e0000000)
  object space 106496K, 78% used [0x00000000a0000000,0x00000000a51b3768,0x00000000a6800000)
 Metaspace       used 83081K, capacity 87370K, committed 87424K, reserved 1124352K
  class space    used 10704K, capacity 11632K, committed 11648K, reserved 1048576K
}
Event: 81.481 GC heap before
{Heap before GC invocations=36 (full 3):
 PSYoungGen      total 431104K, used 419436K [0x00000000e0000000, 0x00000000fc500000, 0x0000000100000000)
  eden space 399360K, 100% used [0x00000000e0000000,0x00000000f8600000,0x00000000f8600000)
  from space 31744K, 63% used [0x00000000fa600000,0x00000000fb99b030,0x00000000fc500000)
  to   space 32256K, 0% used [0x00000000f8600000,0x00000000f8600000,0x00000000fa580000)
 ParOldGen       total 106496K, used 83661K [0x00000000a0000000, 0x00000000a6800000, 0x00000000e0000000)
  object space 106496K, 78% used [0x00000000a0000000,0x00000000a51b3768,0x00000000a6800000)
 Metaspace       used 83098K, capacity 87370K, committed 87424K, reserved 1124352K
  class space    used 10704K, capacity 11632K, committed 11648K, reserved 1048576K
Event: 81.534 GC heap after
Heap after GC invocations=36 (full 3):
 PSYoungGen      total 431616K, used 25297K [0x00000000e0000000, 0x00000000fc500000, 0x0000000100000000)
  eden space 399360K, 0% used [0x00000000e0000000,0x00000000e0000000,0x00000000f8600000)
  from space 32256K, 78% used [0x00000000f8600000,0x00000000f9eb45c0,0x00000000fa580000)
  to   space 31744K, 0% used [0x00000000fa600000,0x00000000fa600000,0x00000000fc500000)
 ParOldGen       total 106496K, used 83661K [0x00000000a0000000, 0x00000000a6800000, 0x00000000e0000000)
  object space 106496K, 78% used [0x00000000a0000000,0x00000000a51b3768,0x00000000a6800000)
 Metaspace       used 83098K, capacity 87370K, committed 87424K, reserved 1124352K
  class space    used 10704K, capacity 11632K, committed 11648K, reserved 1048576K
}
Event: 83.571 GC heap before
{Heap before GC invocations=37 (full 3):
 PSYoungGen      total 431616K, used 424657K [0x00000000e0000000, 0x00000000fc500000, 0x0000000100000000)
  eden space 399360K, 100% used [0x00000000e0000000,0x00000000f8600000,0x00000000f8600000)
  from space 32256K, 78% used [0x00000000f8600000,0x00000000f9eb45c0,0x00000000fa580000)
  to   space 31744K, 0% used [0x00000000fa600000,0x00000000fa600000,0x00000000fc500000)
 ParOldGen       total 106496K, used 83661K [0x00000000a0000000, 0x00000000a6800000, 0x00000000e0000000)
  object space 106496K, 78% used [0x00000000a0000000,0x00000000a51b3768,0x00000000a6800000)
 Metaspace       used 83115K, capacity 87376K, committed 87424K, reserved 1124352K
  class space    used 10705K, capacity 11633K, committed 11648K, reserved 1048576K
Event: 83.613 GC heap after
Heap after GC invocations=37 (full 3):
 PSYoungGen      total 429568K, used 24687K [0x00000000e0000000, 0x00000000ff580000, 0x0000000100000000)
  eden space 397824K, 0% used [0x00000000e0000000,0x00000000e0000000,0x00000000f8480000)
  from space 31744K, 77% used [0x00000000fa600000,0x00000000fbe1bf58,0x00000000fc500000)
  to   space 34304K, 0% used [0x00000000f8480000,0x00000000f8480000,0x00000000fa600000)
 ParOldGen       total 106496K, used 83661K [0x00000000a0000000, 0x00000000a6800000, 0x00000000e0000000)
  object space 106496K, 78% used [0x00000000a0000000,0x00000000a51b3768,0x00000000a6800000)
 Metaspace       used 83115K, capacity 87376K, committed 87424K, reserved 1124352K
  class space    used 10705K, capacity 11633K, committed 11648K, reserved 1048576K
}

